[2024-09-01T19:30:20.484+0000] {taskinstance.py:1125} INFO - Dependencies all met for dep_context=non-requeueable deps ti=<TaskInstance: news_etl_pipeline.news_extraction scheduled__2024-08-31T00:00:00+00:00 [queued]>
[2024-09-01T19:30:20.499+0000] {taskinstance.py:1125} INFO - Dependencies all met for dep_context=requeueable deps ti=<TaskInstance: news_etl_pipeline.news_extraction scheduled__2024-08-31T00:00:00+00:00 [queued]>
[2024-09-01T19:30:20.501+0000] {taskinstance.py:1331} INFO - Starting attempt 1 of 1
[2024-09-01T19:30:20.521+0000] {taskinstance.py:1350} INFO - Executing <Task(PythonOperator): news_extraction> on 2024-08-31 00:00:00+00:00
[2024-09-01T19:30:20.527+0000] {standard_task_runner.py:57} INFO - Started process 225 to run task
[2024-09-01T19:30:20.530+0000] {standard_task_runner.py:84} INFO - Running: ['***', 'tasks', 'run', 'news_etl_pipeline', 'news_extraction', 'scheduled__2024-08-31T00:00:00+00:00', '--job-id', '3', '--raw', '--subdir', 'DAGS_FOLDER/news_dag.py', '--cfg-path', '/tmp/tmptnt0ykjl']
[2024-09-01T19:30:20.533+0000] {standard_task_runner.py:85} INFO - Job 3: Subtask news_extraction
[2024-09-01T19:30:20.586+0000] {task_command.py:410} INFO - Running <TaskInstance: news_etl_pipeline.news_extraction scheduled__2024-08-31T00:00:00+00:00 [running]> on host a3ab3ee2c7f8
[2024-09-01T19:30:20.838+0000] {taskinstance.py:1570} INFO - Exporting env vars: AIRFLOW_CTX_DAG_OWNER='Bhargav Kumar Aathava' AIRFLOW_CTX_DAG_ID='news_etl_pipeline' AIRFLOW_CTX_TASK_ID='news_extraction' AIRFLOW_CTX_EXECUTION_DATE='2024-08-31T00:00:00+00:00' AIRFLOW_CTX_TRY_NUMBER='1' AIRFLOW_CTX_DAG_RUN_ID='scheduled__2024-08-31T00:00:00+00:00'
[2024-09-01T19:30:20.871+0000] {logging_mixin.py:149} INFO - connected to News Api!
[2024-09-01T19:30:21.364+0000] {logging_mixin.py:149} INFO - Extracted data from News Api!
[2024-09-01T19:30:21.376+0000] {taskinstance.py:1847} ERROR - Task failed with exception
Traceback (most recent call last):
  File "/home/airflow/.local/lib/python3.7/site-packages/airflow/operators/python.py", line 181, in execute
    return_value = self.execute_callable()
  File "/home/airflow/.local/lib/python3.7/site-packages/airflow/operators/python.py", line 198, in execute_callable
    return self.python_callable(*self.op_args, **self.op_kwargs)
  File "/opt/airflow/pipelines/news_pipeline.py", line 20, in news_pipeline
    load_data_to_csv(news_df, file_path)
  File "/opt/airflow/etls/news_etl.py", line 29, in load_data_to_csv
    news_df.to_csv(file_path, index=False)
  File "/home/airflow/.local/lib/python3.7/site-packages/pandas/core/generic.py", line 3482, in to_csv
    storage_options=storage_options,
  File "/home/airflow/.local/lib/python3.7/site-packages/pandas/io/formats/format.py", line 1105, in to_csv
    csv_formatter.save()
  File "/home/airflow/.local/lib/python3.7/site-packages/pandas/io/formats/csvs.py", line 243, in save
    storage_options=self.storage_options,
  File "/home/airflow/.local/lib/python3.7/site-packages/pandas/io/common.py", line 707, in get_handle
    newline="",
FileNotFoundError: [Errno 2] No such file or directory: '.\\data/top_headlines_20240901.csv'
[2024-09-01T19:30:21.416+0000] {taskinstance.py:1373} INFO - Marking task as FAILED. dag_id=news_etl_pipeline, task_id=news_extraction, execution_date=20240831T000000, start_date=20240901T193020, end_date=20240901T193021
[2024-09-01T19:30:21.437+0000] {standard_task_runner.py:109} ERROR - Failed to execute job 3 for task news_extraction ([Errno 2] No such file or directory: '.\\data/top_headlines_20240901.csv'; 225)
[2024-09-01T19:30:21.469+0000] {local_task_job_runner.py:232} INFO - Task exited with return code 1
[2024-09-01T19:30:21.491+0000] {taskinstance.py:2674} INFO - 0 downstream tasks scheduled from follow-on schedule check
[2024-09-01T19:34:41.508+0000] {taskinstance.py:1125} INFO - Dependencies all met for dep_context=non-requeueable deps ti=<TaskInstance: news_etl_pipeline.news_extraction scheduled__2024-08-31T00:00:00+00:00 [queued]>
[2024-09-01T19:34:41.518+0000] {taskinstance.py:1125} INFO - Dependencies all met for dep_context=requeueable deps ti=<TaskInstance: news_etl_pipeline.news_extraction scheduled__2024-08-31T00:00:00+00:00 [queued]>
[2024-09-01T19:34:41.518+0000] {taskinstance.py:1331} INFO - Starting attempt 1 of 1
[2024-09-01T19:34:41.533+0000] {taskinstance.py:1350} INFO - Executing <Task(PythonOperator): news_extraction> on 2024-08-31 00:00:00+00:00
[2024-09-01T19:34:41.538+0000] {standard_task_runner.py:57} INFO - Started process 83 to run task
[2024-09-01T19:34:41.542+0000] {standard_task_runner.py:84} INFO - Running: ['***', 'tasks', 'run', 'news_etl_pipeline', 'news_extraction', 'scheduled__2024-08-31T00:00:00+00:00', '--job-id', '3', '--raw', '--subdir', 'DAGS_FOLDER/news_dag.py', '--cfg-path', '/tmp/tmp90qh3ywg']
[2024-09-01T19:34:41.544+0000] {standard_task_runner.py:85} INFO - Job 3: Subtask news_extraction
[2024-09-01T19:34:41.602+0000] {task_command.py:410} INFO - Running <TaskInstance: news_etl_pipeline.news_extraction scheduled__2024-08-31T00:00:00+00:00 [running]> on host 1e450b55488a
[2024-09-01T19:34:41.858+0000] {taskinstance.py:1570} INFO - Exporting env vars: AIRFLOW_CTX_DAG_OWNER='Bhargav Kumar Aathava' AIRFLOW_CTX_DAG_ID='news_etl_pipeline' AIRFLOW_CTX_TASK_ID='news_extraction' AIRFLOW_CTX_EXECUTION_DATE='2024-08-31T00:00:00+00:00' AIRFLOW_CTX_TRY_NUMBER='1' AIRFLOW_CTX_DAG_RUN_ID='scheduled__2024-08-31T00:00:00+00:00'
[2024-09-01T19:34:41.859+0000] {logging_mixin.py:149} INFO - connected to News Api!
[2024-09-01T19:34:41.995+0000] {logging_mixin.py:149} INFO - Extracted data from News Api!
[2024-09-01T19:34:42.009+0000] {python.py:183} INFO - Done. Returned value was: None
[2024-09-01T19:34:42.018+0000] {taskinstance.py:1373} INFO - Marking task as SUCCESS. dag_id=news_etl_pipeline, task_id=news_extraction, execution_date=20240831T000000, start_date=20240901T193441, end_date=20240901T193442
[2024-09-01T19:34:42.076+0000] {local_task_job_runner.py:232} INFO - Task exited with return code 0
[2024-09-01T19:34:42.099+0000] {taskinstance.py:2674} INFO - 0 downstream tasks scheduled from follow-on schedule check
[2024-09-01T22:04:31.842+0000] {taskinstance.py:1125} INFO - Dependencies all met for dep_context=non-requeueable deps ti=<TaskInstance: news_etl_pipeline.news_extraction scheduled__2024-08-31T00:00:00+00:00 [queued]>
[2024-09-01T22:04:31.850+0000] {taskinstance.py:1125} INFO - Dependencies all met for dep_context=requeueable deps ti=<TaskInstance: news_etl_pipeline.news_extraction scheduled__2024-08-31T00:00:00+00:00 [queued]>
[2024-09-01T22:04:31.851+0000] {taskinstance.py:1331} INFO - Starting attempt 1 of 1
[2024-09-01T22:04:31.862+0000] {taskinstance.py:1350} INFO - Executing <Task(PythonOperator): news_extraction> on 2024-08-31 00:00:00+00:00
[2024-09-01T22:04:31.866+0000] {standard_task_runner.py:57} INFO - Started process 184 to run task
[2024-09-01T22:04:31.870+0000] {standard_task_runner.py:84} INFO - Running: ['***', 'tasks', 'run', 'news_etl_pipeline', 'news_extraction', 'scheduled__2024-08-31T00:00:00+00:00', '--job-id', '3', '--raw', '--subdir', 'DAGS_FOLDER/news_dag.py', '--cfg-path', '/tmp/tmpwmvy67fe']
[2024-09-01T22:04:31.872+0000] {standard_task_runner.py:85} INFO - Job 3: Subtask news_extraction
[2024-09-01T22:04:31.915+0000] {task_command.py:410} INFO - Running <TaskInstance: news_etl_pipeline.news_extraction scheduled__2024-08-31T00:00:00+00:00 [running]> on host d87ef426a446
[2024-09-01T22:04:31.979+0000] {taskinstance.py:1570} INFO - Exporting env vars: AIRFLOW_CTX_DAG_OWNER='Bhargav Kumar Aathava' AIRFLOW_CTX_DAG_ID='news_etl_pipeline' AIRFLOW_CTX_TASK_ID='news_extraction' AIRFLOW_CTX_EXECUTION_DATE='2024-08-31T00:00:00+00:00' AIRFLOW_CTX_TRY_NUMBER='1' AIRFLOW_CTX_DAG_RUN_ID='scheduled__2024-08-31T00:00:00+00:00'
[2024-09-01T22:04:31.981+0000] {logging_mixin.py:149} INFO - connected to News Api!
[2024-09-01T22:04:32.215+0000] {logging_mixin.py:149} INFO - Extracted data from News Api!
[2024-09-01T22:04:32.244+0000] {python.py:183} INFO - Done. Returned value was: None
[2024-09-01T22:04:32.253+0000] {taskinstance.py:1373} INFO - Marking task as SUCCESS. dag_id=news_etl_pipeline, task_id=news_extraction, execution_date=20240831T000000, start_date=20240901T220431, end_date=20240901T220432
[2024-09-01T22:04:32.283+0000] {local_task_job_runner.py:232} INFO - Task exited with return code 0
[2024-09-01T22:04:32.299+0000] {taskinstance.py:2674} INFO - 0 downstream tasks scheduled from follow-on schedule check
[2024-09-01T23:10:09.872+0000] {taskinstance.py:1125} INFO - Dependencies all met for dep_context=non-requeueable deps ti=<TaskInstance: news_etl_pipeline.news_extraction scheduled__2024-08-31T00:00:00+00:00 [queued]>
[2024-09-01T23:10:09.880+0000] {taskinstance.py:1125} INFO - Dependencies all met for dep_context=requeueable deps ti=<TaskInstance: news_etl_pipeline.news_extraction scheduled__2024-08-31T00:00:00+00:00 [queued]>
[2024-09-01T23:10:09.881+0000] {taskinstance.py:1331} INFO - Starting attempt 1 of 1
[2024-09-01T23:10:09.892+0000] {taskinstance.py:1350} INFO - Executing <Task(PythonOperator): news_extraction> on 2024-08-31 00:00:00+00:00
[2024-09-01T23:10:09.899+0000] {standard_task_runner.py:57} INFO - Started process 94 to run task
[2024-09-01T23:10:09.902+0000] {standard_task_runner.py:84} INFO - Running: ['***', 'tasks', 'run', 'news_etl_pipeline', 'news_extraction', 'scheduled__2024-08-31T00:00:00+00:00', '--job-id', '3', '--raw', '--subdir', 'DAGS_FOLDER/news_dag.py', '--cfg-path', '/tmp/tmpbxpf_8i7']
[2024-09-01T23:10:09.906+0000] {standard_task_runner.py:85} INFO - Job 3: Subtask news_extraction
[2024-09-01T23:10:09.959+0000] {task_command.py:410} INFO - Running <TaskInstance: news_etl_pipeline.news_extraction scheduled__2024-08-31T00:00:00+00:00 [running]> on host 8d258e6e3141
[2024-09-01T23:10:10.027+0000] {taskinstance.py:1570} INFO - Exporting env vars: AIRFLOW_CTX_DAG_OWNER='Bhargav Kumar Aathava' AIRFLOW_CTX_DAG_ID='news_etl_pipeline' AIRFLOW_CTX_TASK_ID='news_extraction' AIRFLOW_CTX_EXECUTION_DATE='2024-08-31T00:00:00+00:00' AIRFLOW_CTX_TRY_NUMBER='1' AIRFLOW_CTX_DAG_RUN_ID='scheduled__2024-08-31T00:00:00+00:00'
[2024-09-01T23:10:10.028+0000] {logging_mixin.py:149} INFO - connected to News Api!
[2024-09-01T23:10:10.321+0000] {logging_mixin.py:149} INFO - Extracted data from News Api!
[2024-09-01T23:10:10.378+0000] {python.py:183} INFO - Done. Returned value was: ./data/top_headlines_20240901.csv
[2024-09-01T23:10:10.400+0000] {taskinstance.py:1373} INFO - Marking task as SUCCESS. dag_id=news_etl_pipeline, task_id=news_extraction, execution_date=20240831T000000, start_date=20240901T231009, end_date=20240901T231010
[2024-09-01T23:10:10.436+0000] {local_task_job_runner.py:232} INFO - Task exited with return code 0
[2024-09-01T23:10:10.456+0000] {taskinstance.py:2674} INFO - 1 downstream tasks scheduled from follow-on schedule check
[2024-09-01T23:30:17.063+0000] {taskinstance.py:1125} INFO - Dependencies all met for dep_context=non-requeueable deps ti=<TaskInstance: news_etl_pipeline.news_extraction scheduled__2024-08-31T00:00:00+00:00 [queued]>
[2024-09-01T23:30:17.072+0000] {taskinstance.py:1125} INFO - Dependencies all met for dep_context=requeueable deps ti=<TaskInstance: news_etl_pipeline.news_extraction scheduled__2024-08-31T00:00:00+00:00 [queued]>
[2024-09-01T23:30:17.073+0000] {taskinstance.py:1331} INFO - Starting attempt 1 of 1
[2024-09-01T23:30:17.084+0000] {taskinstance.py:1350} INFO - Executing <Task(PythonOperator): news_extraction> on 2024-08-31 00:00:00+00:00
[2024-09-01T23:30:17.088+0000] {standard_task_runner.py:57} INFO - Started process 94 to run task
[2024-09-01T23:30:17.092+0000] {standard_task_runner.py:84} INFO - Running: ['***', 'tasks', 'run', 'news_etl_pipeline', 'news_extraction', 'scheduled__2024-08-31T00:00:00+00:00', '--job-id', '3', '--raw', '--subdir', 'DAGS_FOLDER/news_dag.py', '--cfg-path', '/tmp/tmp5_8zx2wz']
[2024-09-01T23:30:17.094+0000] {standard_task_runner.py:85} INFO - Job 3: Subtask news_extraction
[2024-09-01T23:30:17.138+0000] {task_command.py:410} INFO - Running <TaskInstance: news_etl_pipeline.news_extraction scheduled__2024-08-31T00:00:00+00:00 [running]> on host 9501bbbe9b54
[2024-09-01T23:30:17.200+0000] {taskinstance.py:1570} INFO - Exporting env vars: AIRFLOW_CTX_DAG_OWNER='Bhargav Kumar Aathava' AIRFLOW_CTX_DAG_ID='news_etl_pipeline' AIRFLOW_CTX_TASK_ID='news_extraction' AIRFLOW_CTX_EXECUTION_DATE='2024-08-31T00:00:00+00:00' AIRFLOW_CTX_TRY_NUMBER='1' AIRFLOW_CTX_DAG_RUN_ID='scheduled__2024-08-31T00:00:00+00:00'
[2024-09-01T23:30:17.202+0000] {logging_mixin.py:149} INFO - connected to News Api!
[2024-09-01T23:30:17.458+0000] {logging_mixin.py:149} INFO - Extracted data from News Api!
[2024-09-01T23:30:17.479+0000] {python.py:183} INFO - Done. Returned value was: ./data/top_headlines_20240901.csv
[2024-09-01T23:30:17.497+0000] {taskinstance.py:1373} INFO - Marking task as SUCCESS. dag_id=news_etl_pipeline, task_id=news_extraction, execution_date=20240831T000000, start_date=20240901T233017, end_date=20240901T233017
[2024-09-01T23:30:17.546+0000] {local_task_job_runner.py:232} INFO - Task exited with return code 0
[2024-09-01T23:30:17.561+0000] {taskinstance.py:2674} INFO - 1 downstream tasks scheduled from follow-on schedule check
[2024-09-01T23:45:49.927+0000] {taskinstance.py:1125} INFO - Dependencies all met for dep_context=non-requeueable deps ti=<TaskInstance: news_etl_pipeline.news_extraction scheduled__2024-08-31T00:00:00+00:00 [queued]>
[2024-09-01T23:45:49.960+0000] {taskinstance.py:1125} INFO - Dependencies all met for dep_context=requeueable deps ti=<TaskInstance: news_etl_pipeline.news_extraction scheduled__2024-08-31T00:00:00+00:00 [queued]>
[2024-09-01T23:45:49.961+0000] {taskinstance.py:1331} INFO - Starting attempt 1 of 1
[2024-09-01T23:45:49.973+0000] {taskinstance.py:1350} INFO - Executing <Task(PythonOperator): news_extraction> on 2024-08-31 00:00:00+00:00
[2024-09-01T23:45:49.978+0000] {standard_task_runner.py:57} INFO - Started process 85 to run task
[2024-09-01T23:45:49.981+0000] {standard_task_runner.py:84} INFO - Running: ['***', 'tasks', 'run', 'news_etl_pipeline', 'news_extraction', 'scheduled__2024-08-31T00:00:00+00:00', '--job-id', '3', '--raw', '--subdir', 'DAGS_FOLDER/news_dag.py', '--cfg-path', '/tmp/tmpzmvwrmel']
[2024-09-01T23:45:49.984+0000] {standard_task_runner.py:85} INFO - Job 3: Subtask news_extraction
[2024-09-01T23:45:50.034+0000] {task_command.py:410} INFO - Running <TaskInstance: news_etl_pipeline.news_extraction scheduled__2024-08-31T00:00:00+00:00 [running]> on host 780ea6d9a7fc
[2024-09-01T23:45:50.093+0000] {taskinstance.py:1570} INFO - Exporting env vars: AIRFLOW_CTX_DAG_OWNER='Bhargav Kumar Aathava' AIRFLOW_CTX_DAG_ID='news_etl_pipeline' AIRFLOW_CTX_TASK_ID='news_extraction' AIRFLOW_CTX_EXECUTION_DATE='2024-08-31T00:00:00+00:00' AIRFLOW_CTX_TRY_NUMBER='1' AIRFLOW_CTX_DAG_RUN_ID='scheduled__2024-08-31T00:00:00+00:00'
[2024-09-01T23:45:50.094+0000] {logging_mixin.py:149} INFO - connected to News Api!
[2024-09-01T23:45:50.336+0000] {logging_mixin.py:149} INFO - Extracted data from News Api!
[2024-09-01T23:45:50.368+0000] {python.py:183} INFO - Done. Returned value was: ./data/top_headlines_20240901.csv
[2024-09-01T23:45:50.385+0000] {taskinstance.py:1373} INFO - Marking task as SUCCESS. dag_id=news_etl_pipeline, task_id=news_extraction, execution_date=20240831T000000, start_date=20240901T234549, end_date=20240901T234550
[2024-09-01T23:45:50.434+0000] {local_task_job_runner.py:232} INFO - Task exited with return code 0
[2024-09-01T23:45:50.455+0000] {taskinstance.py:2674} INFO - 1 downstream tasks scheduled from follow-on schedule check
